<?xml version="1.0" encoding="UTF-8"?>
<robot generator="Robot 6.0.1 (Python 3.11.1 on darwin)" generated="20230211 22:30:20.648" rpa="false" schemaversion="3">
<suite id="s1" name="Signup" source="/Users/andre/Documents/Learning/QA Academy/GravidadeZERO/getgeeks/projects/tests/Signup.robot">
<test id="s1-t1" name="Register a new user" line="13">
<kw name="Start Section" library="Base" type="SETUP">
<kw name="New Browser" library="Browser">
<arg>chromium</arg>
<arg>headless=false</arg>
<arg>slowMo=00:00:00.5</arg>
<tag>BrowserControl</tag>
<tag>Setter</tag>
<doc>Create a new playwright Browser with specified options.</doc>
<msg timestamp="20230211 22:30:21.081" level="INFO">{"browser": "chromium", "headless": false, "devtools": false, "handleSIGHUP": true, "handleSIGINT": true, "handleSIGTERM": true, "slowMo": 500.0, "timeout": 30000.0, "deprecated_pos_args": [], "tracesDir": "/Users/andre/Documents/Learning/QA Academy/GravidadeZERO/getgeeks/projects/logs/browser/traces/044e4d40-bf24-45af-9669-beff3c32d99f"}</msg>
<msg timestamp="20230211 22:30:21.613" level="INFO">Successfully created browser with options: {"browser":"chromium","headless":false,"devtools":false,"handleSIGHUP":true,"handleSIGINT":true,"handleSIGTERM":true,"slowMo":500,"timeout":30000,"deprecated_pos_args":[],"tracesDir":"/Users/andre/Documents/Learning/QA Academy/GravidadeZERO/getgeeks/projects/logs/browser/traces/044e4d40-bf24-45af-9669-beff3c32d99f"}</msg>
<status status="PASS" starttime="20230211 22:30:21.081" endtime="20230211 22:30:21.613"/>
</kw>
<kw name="New Page" library="Browser">
<arg>${BASE_URL}</arg>
<tag>BrowserControl</tag>
<tag>Setter</tag>
<doc>Open a new Page.</doc>
<msg timestamp="20230211 22:30:22.984" level="INFO">Successfully initialized new page object and opened url: https://geeks-web-andre.fly.dev/signup</msg>
<msg timestamp="20230211 22:30:22.985" level="INFO">No context was open. New context was automatically opened when this page is created.</msg>
<status status="PASS" starttime="20230211 22:30:21.613" endtime="20230211 22:30:22.985"/>
</kw>
<status status="PASS" starttime="20230211 22:30:21.081" endtime="20230211 22:30:22.985"/>
</kw>
<kw name="Factory User" library="Users">
<var>${user}</var>
<msg timestamp="20230211 22:30:22.988" level="INFO">${user} = {'name': 'Jamie', 'lastname': 'Adkins', 'email': 'james35@hotmail.com', 'password': 'pwd123'}</msg>
<status status="PASS" starttime="20230211 22:30:22.986" endtime="20230211 22:30:22.988"/>
</kw>
<kw name="Set Suite Variable" library="BuiltIn">
<arg>${user}</arg>
<doc>Makes a variable available everywhere within the scope of the current suite.</doc>
<msg timestamp="20230211 22:30:22.989" level="INFO">${user} = {'name': 'Jamie', 'lastname': 'Adkins', 'email': 'james35@hotmail.com', 'password': 'pwd123'}</msg>
<status status="PASS" starttime="20230211 22:30:22.988" endtime="20230211 22:30:22.989"/>
</kw>
<kw name="Go To Signup Form" library="Actions">
<kw name="Go To" library="Browser">
<arg>${BASE_URL}</arg>
<tag>BrowserControl</tag>
<tag>Setter</tag>
<doc>Navigates to the given ``url``.</doc>
<msg timestamp="20230211 22:30:23.581" level="INFO">Successfully opened URL https://geeks-web-andre.fly.dev/signup</msg>
<status status="PASS" starttime="20230211 22:30:22.989" endtime="20230211 22:30:23.581"/>
</kw>
<kw name="Wait For Elements State" library="Browser">
<arg>css=.signup-form h1 &gt;&gt; text="Cadastro"</arg>
<arg>visible</arg>
<arg>5</arg>
<tag>PageContent</tag>
<tag>Wait</tag>
<doc>Waits for the element found by ``selector`` to satisfy state option.</doc>
<msg timestamp="20230211 22:30:23.621" level="INFO">Waited for Element with selector css=.signup-form h1 &gt;&gt; text="Cadastro" at state visible</msg>
<status status="PASS" starttime="20230211 22:30:23.582" endtime="20230211 22:30:23.621"/>
</kw>
<status status="PASS" starttime="20230211 22:30:22.989" endtime="20230211 22:30:23.621"/>
</kw>
<kw name="Fill Signup Form" library="Actions">
<arg>${user}</arg>
<kw name="Fill Text" library="Browser">
<arg>input[id="name"]</arg>
<arg>${user}[name]</arg>
<tag>PageContent</tag>
<tag>Setter</tag>
<doc>Clears and fills the given ``txt`` into the text field found by ``selector``.</doc>
<msg timestamp="20230211 22:30:23.622" level="INFO">Fills the text 'Jamie' in the given field.</msg>
<status status="PASS" starttime="20230211 22:30:23.622" endtime="20230211 22:30:24.148"/>
</kw>
<kw name="Fill Text" library="Browser">
<arg>input[id="lastname"]</arg>
<arg>${user}[lastname]</arg>
<tag>PageContent</tag>
<tag>Setter</tag>
<doc>Clears and fills the given ``txt`` into the text field found by ``selector``.</doc>
<msg timestamp="20230211 22:30:24.149" level="INFO">Fills the text 'Adkins' in the given field.</msg>
<status status="PASS" starttime="20230211 22:30:24.149" endtime="20230211 22:30:24.676"/>
</kw>
<kw name="Fill Text" library="Browser">
<arg>input[id="email"]</arg>
<arg>${user}[email]</arg>
<tag>PageContent</tag>
<tag>Setter</tag>
<doc>Clears and fills the given ``txt`` into the text field found by ``selector``.</doc>
<msg timestamp="20230211 22:30:24.677" level="INFO">Fills the text 'james35@hotmail.com' in the given field.</msg>
<status status="PASS" starttime="20230211 22:30:24.676" endtime="20230211 22:30:25.199"/>
</kw>
<kw name="Fill Text" library="Browser">
<arg>input[id="password"]</arg>
<arg>${user}[password]</arg>
<tag>PageContent</tag>
<tag>Setter</tag>
<doc>Clears and fills the given ``txt`` into the text field found by ``selector``.</doc>
<msg timestamp="20230211 22:30:25.200" level="INFO">Fills the text 'pwd123' in the given field.</msg>
<status status="PASS" starttime="20230211 22:30:25.200" endtime="20230211 22:30:25.754"/>
</kw>
<status status="PASS" starttime="20230211 22:30:23.621" endtime="20230211 22:30:25.755"/>
</kw>
<kw name="Submit Signut Form" library="Actions">
<kw name="Click" library="Browser">
<arg>css=.submit-button &gt;&gt; text="Cadastrar"</arg>
<tag>PageContent</tag>
<tag>Setter</tag>
<doc>Simulates mouse click on the element found by ``selector``.</doc>
<status status="PASS" starttime="20230211 22:30:25.756" endtime="20230211 22:30:26.319"/>
</kw>
<status status="PASS" starttime="20230211 22:30:25.755" endtime="20230211 22:30:26.319"/>
</kw>
<kw name="User Should Be Registered" library="Actions">
<kw name="Set Variable" library="BuiltIn">
<var>${expect_message}</var>
<arg>css=div p &gt;&gt; text="Agora você faz parte da Getgeeks. Tenha uma ótima experiência."</arg>
<doc>Returns the given values which can then be assigned to a variables.</doc>
<msg timestamp="20230211 22:30:26.320" level="INFO">${expect_message} = css=div p &gt;&gt; text="Agora você faz parte da Getgeeks. Tenha uma ótima experiência."</msg>
<status status="PASS" starttime="20230211 22:30:26.320" endtime="20230211 22:30:26.321"/>
</kw>
<kw name="Wait For Elements State" library="Browser">
<arg>${expect_message}</arg>
<arg>visible</arg>
<arg>5</arg>
<tag>PageContent</tag>
<tag>Wait</tag>
<doc>Waits for the element found by ``selector`` to satisfy state option.</doc>
<msg timestamp="20230211 22:30:26.330" level="INFO">Waited for Element with selector css=div p &gt;&gt; text="Agora você faz parte da Getgeeks. Tenha uma ótima experiência." at state visible</msg>
<status status="PASS" starttime="20230211 22:30:26.321" endtime="20230211 22:30:26.330"/>
</kw>
<status status="PASS" starttime="20230211 22:30:26.320" endtime="20230211 22:30:26.331"/>
</kw>
<kw name="Finish Section" library="Base" type="TEARDOWN">
<kw name="Take Screenshot" library="Browser">
<tag>PageContent</tag>
<doc>Takes a screenshot of the current window or element and saves it to disk.</doc>
<msg timestamp="20230211 22:30:26.538" level="INFO" html="true">&lt;/td&gt;&lt;/tr&gt;&lt;tr&gt;&lt;td colspan="3"&gt;&lt;a href="browser/screenshot/robotframework-browser-screenshot-1.png"&gt;&lt;img src="browser/screenshot/robotframework-browser-screenshot-1.png" width="800px"&gt;&lt;/a&gt;</msg>
<status status="PASS" starttime="20230211 22:30:26.331" endtime="20230211 22:30:26.538"/>
</kw>
<status status="PASS" starttime="20230211 22:30:26.331" endtime="20230211 22:30:26.538"/>
</kw>
<status status="PASS" starttime="20230211 22:30:21.079" endtime="20230211 22:30:26.538"/>
</test>
<test id="s1-t2" name="Duplicate user" line="33">
<kw name="Start Section" library="Base" type="SETUP">
<kw name="New Browser" library="Browser">
<arg>chromium</arg>
<arg>headless=false</arg>
<arg>slowMo=00:00:00.5</arg>
<tag>BrowserControl</tag>
<tag>Setter</tag>
<doc>Create a new playwright Browser with specified options.</doc>
<msg timestamp="20230211 22:30:26.576" level="INFO">{"browser": "chromium", "headless": false, "devtools": false, "handleSIGHUP": true, "handleSIGINT": true, "handleSIGTERM": true, "slowMo": 500.0, "timeout": 30000.0, "deprecated_pos_args": [], "tracesDir": "/Users/andre/Documents/Learning/QA Academy/GravidadeZERO/getgeeks/projects/logs/browser/traces/4ce4f292-7aa5-4493-90cf-e4a98b15d5e3"}</msg>
<msg timestamp="20230211 22:30:26.770" level="INFO">Successfully created browser with options: {"browser":"chromium","headless":false,"devtools":false,"handleSIGHUP":true,"handleSIGINT":true,"handleSIGTERM":true,"slowMo":500,"timeout":30000,"deprecated_pos_args":[],"tracesDir":"/Users/andre/Documents/Learning/QA Academy/GravidadeZERO/getgeeks/projects/logs/browser/traces/4ce4f292-7aa5-4493-90cf-e4a98b15d5e3"}</msg>
<status status="PASS" starttime="20230211 22:30:26.576" endtime="20230211 22:30:26.770"/>
</kw>
<kw name="New Page" library="Browser">
<arg>${BASE_URL}</arg>
<tag>BrowserControl</tag>
<tag>Setter</tag>
<doc>Open a new Page.</doc>
<msg timestamp="20230211 22:30:27.972" level="INFO">Successfully initialized new page object and opened url: https://geeks-web-andre.fly.dev/signup</msg>
<msg timestamp="20230211 22:30:27.972" level="INFO">No context was open. New context was automatically opened when this page is created.</msg>
<status status="PASS" starttime="20230211 22:30:26.770" endtime="20230211 22:30:27.972"/>
</kw>
<status status="PASS" starttime="20230211 22:30:26.576" endtime="20230211 22:30:27.973"/>
</kw>
<kw name="Factory User" library="Users">
<var>${user}</var>
<msg timestamp="20230211 22:30:27.974" level="INFO">${user} = {'name': 'Karl', 'lastname': 'Harris', 'email': 'ylewis@gmail.com', 'password': 'pwd123'}</msg>
<status status="PASS" starttime="20230211 22:30:27.973" endtime="20230211 22:30:27.974"/>
</kw>
<kw name="Add User From Database" library="Helpers">
<arg>${user}</arg>
<kw name="Connect To Postgres" library="Database">
<kw name="Connect To Database" library="DatabaseLibrary">
<arg>psycopg2</arg>
<arg>dubneckp</arg>
<arg>dubneckp</arg>
<arg>ee8Q5gfemekDwIRgt5DdgU01wK8hoYqp</arg>
<arg>babar.db.elephantsql.com</arg>
<arg>5432</arg>
<doc>Loads the DB API 2.0 module given `dbapiModuleName` then uses it to
connect to the database using `dbName`, `dbUsername`, and `dbPassword`.</doc>
<msg timestamp="20230211 22:30:27.996" level="INFO">Connecting using : psycopg2.connect(database=dubneckp, user=dubneckp, password=ee8Q5gfemekDwIRgt5DdgU01wK8hoYqp, host=babar.db.elephantsql.com, port=5432) </msg>
<status status="PASS" starttime="20230211 22:30:27.975" endtime="20230211 22:30:28.080"/>
</kw>
<status status="PASS" starttime="20230211 22:30:27.975" endtime="20230211 22:30:28.081"/>
</kw>
<kw name="Insert User" library="Database">
<arg>${user}</arg>
<kw name="Set Variable" library="BuiltIn">
<var>${q}</var>
<arg>INSERT INTO public.users (name, email, password_hash, is_geek) values ('${u}[name] ${u}[lastname]', '${u}[email]', '${u}[password]', false)</arg>
<doc>Returns the given values which can then be assigned to a variables.</doc>
<msg timestamp="20230211 22:30:28.082" level="INFO">${q} = INSERT INTO public.users (name, email, password_hash, is_geek) values ('Karl Harris', 'ylewis@gmail.com', 'pwd123', false)</msg>
<status status="PASS" starttime="20230211 22:30:28.082" endtime="20230211 22:30:28.082"/>
</kw>
<kw name="Execute Sql String" library="DatabaseLibrary">
<arg>${q}</arg>
<doc>Executes the sqlString as SQL commands. Useful to pass arguments to your sql. Set optional input `sansTran` to
True to run command without an explicit transaction commit or rollback.</doc>
<msg timestamp="20230211 22:30:28.083" level="INFO">Executing : Execute SQL String  |  INSERT INTO public.users (name, email, password_hash, is_geek) values ('Karl Harris', 'ylewis@gmail.com', 'pwd123', false) </msg>
<status status="PASS" starttime="20230211 22:30:28.082" endtime="20230211 22:30:28.120"/>
</kw>
<status status="PASS" starttime="20230211 22:30:28.081" endtime="20230211 22:30:28.121"/>
</kw>
<kw name="Disconnect From Database" library="DatabaseLibrary">
<doc>Disconnects from the database.</doc>
<msg timestamp="20230211 22:30:28.121" level="INFO">Executing : Disconnect From Database</msg>
<status status="PASS" starttime="20230211 22:30:28.121" endtime="20230211 22:30:28.122"/>
</kw>
<status status="PASS" starttime="20230211 22:30:27.974" endtime="20230211 22:30:28.122"/>
</kw>
<kw name="Go To Signup Form" library="Actions">
<kw name="Go To" library="Browser">
<arg>${BASE_URL}</arg>
<tag>BrowserControl</tag>
<tag>Setter</tag>
<doc>Navigates to the given ``url``.</doc>
<msg timestamp="20230211 22:30:28.768" level="INFO">Successfully opened URL https://geeks-web-andre.fly.dev/signup</msg>
<status status="PASS" starttime="20230211 22:30:28.123" endtime="20230211 22:30:28.768"/>
</kw>
<kw name="Wait For Elements State" library="Browser">
<arg>css=.signup-form h1 &gt;&gt; text="Cadastro"</arg>
<arg>visible</arg>
<arg>5</arg>
<tag>PageContent</tag>
<tag>Wait</tag>
<doc>Waits for the element found by ``selector`` to satisfy state option.</doc>
<msg timestamp="20230211 22:30:28.798" level="INFO">Waited for Element with selector css=.signup-form h1 &gt;&gt; text="Cadastro" at state visible</msg>
<status status="PASS" starttime="20230211 22:30:28.768" endtime="20230211 22:30:28.798"/>
</kw>
<status status="PASS" starttime="20230211 22:30:28.123" endtime="20230211 22:30:28.798"/>
</kw>
<kw name="Fill Signup Form" library="Actions">
<arg>${user}</arg>
<kw name="Fill Text" library="Browser">
<arg>input[id="name"]</arg>
<arg>${user}[name]</arg>
<tag>PageContent</tag>
<tag>Setter</tag>
<doc>Clears and fills the given ``txt`` into the text field found by ``selector``.</doc>
<msg timestamp="20230211 22:30:28.799" level="INFO">Fills the text 'Karl' in the given field.</msg>
<status status="PASS" starttime="20230211 22:30:28.798" endtime="20230211 22:30:29.324"/>
</kw>
<kw name="Fill Text" library="Browser">
<arg>input[id="lastname"]</arg>
<arg>${user}[lastname]</arg>
<tag>PageContent</tag>
<tag>Setter</tag>
<doc>Clears and fills the given ``txt`` into the text field found by ``selector``.</doc>
<msg timestamp="20230211 22:30:29.326" level="INFO">Fills the text 'Harris' in the given field.</msg>
<status status="PASS" starttime="20230211 22:30:29.325" endtime="20230211 22:30:29.848"/>
</kw>
<kw name="Fill Text" library="Browser">
<arg>input[id="email"]</arg>
<arg>${user}[email]</arg>
<tag>PageContent</tag>
<tag>Setter</tag>
<doc>Clears and fills the given ``txt`` into the text field found by ``selector``.</doc>
<msg timestamp="20230211 22:30:29.849" level="INFO">Fills the text 'ylewis@gmail.com' in the given field.</msg>
<status status="PASS" starttime="20230211 22:30:29.848" endtime="20230211 22:30:30.367"/>
</kw>
<kw name="Fill Text" library="Browser">
<arg>input[id="password"]</arg>
<arg>${user}[password]</arg>
<tag>PageContent</tag>
<tag>Setter</tag>
<doc>Clears and fills the given ``txt`` into the text field found by ``selector``.</doc>
<msg timestamp="20230211 22:30:30.368" level="INFO">Fills the text 'pwd123' in the given field.</msg>
<status status="PASS" starttime="20230211 22:30:30.368" endtime="20230211 22:30:30.928"/>
</kw>
<status status="PASS" starttime="20230211 22:30:28.798" endtime="20230211 22:30:30.928"/>
</kw>
<kw name="Submit Signut Form" library="Actions">
<kw name="Click" library="Browser">
<arg>css=.submit-button &gt;&gt; text="Cadastrar"</arg>
<tag>PageContent</tag>
<tag>Setter</tag>
<doc>Simulates mouse click on the element found by ``selector``.</doc>
<status status="PASS" starttime="20230211 22:30:30.929" endtime="20230211 22:30:31.497"/>
</kw>
<status status="PASS" starttime="20230211 22:30:30.929" endtime="20230211 22:30:31.498"/>
</kw>
<kw name="Modal Content Should Be" library="Actions">
<arg>Já temos um usuário com o e-mail informado.</arg>
<kw name="Set Variable" library="BuiltIn">
<var>${title}</var>
<arg>css=.swal2-title</arg>
<doc>Returns the given values which can then be assigned to a variables.</doc>
<msg timestamp="20230211 22:30:31.499" level="INFO">${title} = css=.swal2-title</msg>
<status status="PASS" starttime="20230211 22:30:31.498" endtime="20230211 22:30:31.499"/>
</kw>
<kw name="Set Variable" library="BuiltIn">
<var>${container}</var>
<arg>css=.swal2-html-container</arg>
<doc>Returns the given values which can then be assigned to a variables.</doc>
<msg timestamp="20230211 22:30:31.499" level="INFO">${container} = css=.swal2-html-container</msg>
<status status="PASS" starttime="20230211 22:30:31.499" endtime="20230211 22:30:31.499"/>
</kw>
<kw name="Wait For Elements State" library="Browser">
<arg>${title}</arg>
<arg>visible</arg>
<arg>5</arg>
<tag>PageContent</tag>
<tag>Wait</tag>
<doc>Waits for the element found by ``selector`` to satisfy state option.</doc>
<msg timestamp="20230211 22:30:31.507" level="INFO">Waited for Element with selector css=.swal2-title at state visible</msg>
<status status="PASS" starttime="20230211 22:30:31.499" endtime="20230211 22:30:31.507"/>
</kw>
<kw name="Get Text" library="Browser">
<arg>${title}</arg>
<arg>equal</arg>
<arg>Oops...</arg>
<tag>Assertion</tag>
<tag>Getter</tag>
<tag>PageContent</tag>
<doc>Returns text attribute of the element found by ``selector``.</doc>
<status status="PASS" starttime="20230211 22:30:31.508" endtime="20230211 22:30:31.527"/>
</kw>
<kw name="Wait For Elements State" library="Browser">
<arg>${container}</arg>
<arg>visible</arg>
<arg>5</arg>
<tag>PageContent</tag>
<tag>Wait</tag>
<doc>Waits for the element found by ``selector`` to satisfy state option.</doc>
<msg timestamp="20230211 22:30:31.533" level="INFO">Waited for Element with selector css=.swal2-html-container at state visible</msg>
<status status="PASS" starttime="20230211 22:30:31.527" endtime="20230211 22:30:31.534"/>
</kw>
<kw name="Get Text" library="Browser">
<arg>${container}</arg>
<arg>equal</arg>
<arg>${expected_text}</arg>
<tag>Assertion</tag>
<tag>Getter</tag>
<tag>PageContent</tag>
<doc>Returns text attribute of the element found by ``selector``.</doc>
<status status="PASS" starttime="20230211 22:30:31.534" endtime="20230211 22:30:31.540"/>
</kw>
<status status="PASS" starttime="20230211 22:30:31.498" endtime="20230211 22:30:31.541"/>
</kw>
<kw name="Finish Section" library="Base" type="TEARDOWN">
<kw name="Take Screenshot" library="Browser">
<tag>PageContent</tag>
<doc>Takes a screenshot of the current window or element and saves it to disk.</doc>
<msg timestamp="20230211 22:30:31.674" level="INFO" html="true">&lt;/td&gt;&lt;/tr&gt;&lt;tr&gt;&lt;td colspan="3"&gt;&lt;a href="browser/screenshot/robotframework-browser-screenshot-2.png"&gt;&lt;img src="browser/screenshot/robotframework-browser-screenshot-2.png" width="800px"&gt;&lt;/a&gt;</msg>
<status status="PASS" starttime="20230211 22:30:31.541" endtime="20230211 22:30:31.674"/>
</kw>
<status status="PASS" starttime="20230211 22:30:31.541" endtime="20230211 22:30:31.674"/>
</kw>
<tag>attempt_signup</tag>
<status status="PASS" starttime="20230211 22:30:26.575" endtime="20230211 22:30:31.674"/>
</test>
<test id="s1-t3" name="Wrong email" line="45">
<kw name="Start Section" library="Base" type="SETUP">
<kw name="New Browser" library="Browser">
<arg>chromium</arg>
<arg>headless=false</arg>
<arg>slowMo=00:00:00.5</arg>
<tag>BrowserControl</tag>
<tag>Setter</tag>
<doc>Create a new playwright Browser with specified options.</doc>
<msg timestamp="20230211 22:30:31.709" level="INFO">{"browser": "chromium", "headless": false, "devtools": false, "handleSIGHUP": true, "handleSIGINT": true, "handleSIGTERM": true, "slowMo": 500.0, "timeout": 30000.0, "deprecated_pos_args": [], "tracesDir": "/Users/andre/Documents/Learning/QA Academy/GravidadeZERO/getgeeks/projects/logs/browser/traces/07acabed-a9b0-49b4-8c06-7b6856c5af21"}</msg>
<msg timestamp="20230211 22:30:31.878" level="INFO">Successfully created browser with options: {"browser":"chromium","headless":false,"devtools":false,"handleSIGHUP":true,"handleSIGINT":true,"handleSIGTERM":true,"slowMo":500,"timeout":30000,"deprecated_pos_args":[],"tracesDir":"/Users/andre/Documents/Learning/QA Academy/GravidadeZERO/getgeeks/projects/logs/browser/traces/07acabed-a9b0-49b4-8c06-7b6856c5af21"}</msg>
<status status="PASS" starttime="20230211 22:30:31.708" endtime="20230211 22:30:31.878"/>
</kw>
<kw name="New Page" library="Browser">
<arg>${BASE_URL}</arg>
<tag>BrowserControl</tag>
<tag>Setter</tag>
<doc>Open a new Page.</doc>
<msg timestamp="20230211 22:30:33.216" level="INFO">Successfully initialized new page object and opened url: https://geeks-web-andre.fly.dev/signup</msg>
<msg timestamp="20230211 22:30:33.217" level="INFO">No context was open. New context was automatically opened when this page is created.</msg>
<status status="PASS" starttime="20230211 22:30:31.878" endtime="20230211 22:30:33.217"/>
</kw>
<status status="PASS" starttime="20230211 22:30:31.708" endtime="20230211 22:30:33.218"/>
</kw>
<kw name="Factory Wrong Email" library="Users">
<var>${user}</var>
<msg timestamp="20230211 22:30:33.220" level="INFO">${user} = {'name': 'Rachel', 'lastname': 'Schultz', 'email': 'rachel&amp;gmail.com', 'password': 'pwd123'}</msg>
<status status="PASS" starttime="20230211 22:30:33.219" endtime="20230211 22:30:33.220"/>
</kw>
<kw name="Go To Signup Form" library="Actions">
<kw name="Go To" library="Browser">
<arg>${BASE_URL}</arg>
<tag>BrowserControl</tag>
<tag>Setter</tag>
<doc>Navigates to the given ``url``.</doc>
<msg timestamp="20230211 22:30:33.824" level="INFO">Successfully opened URL https://geeks-web-andre.fly.dev/signup</msg>
<status status="PASS" starttime="20230211 22:30:33.221" endtime="20230211 22:30:33.825"/>
</kw>
<kw name="Wait For Elements State" library="Browser">
<arg>css=.signup-form h1 &gt;&gt; text="Cadastro"</arg>
<arg>visible</arg>
<arg>5</arg>
<tag>PageContent</tag>
<tag>Wait</tag>
<doc>Waits for the element found by ``selector`` to satisfy state option.</doc>
<msg timestamp="20230211 22:30:33.856" level="INFO">Waited for Element with selector css=.signup-form h1 &gt;&gt; text="Cadastro" at state visible</msg>
<status status="PASS" starttime="20230211 22:30:33.825" endtime="20230211 22:30:33.856"/>
</kw>
<status status="PASS" starttime="20230211 22:30:33.220" endtime="20230211 22:30:33.856"/>
</kw>
<kw name="Fill Signup Form" library="Actions">
<arg>${user}</arg>
<kw name="Fill Text" library="Browser">
<arg>input[id="name"]</arg>
<arg>${user}[name]</arg>
<tag>PageContent</tag>
<tag>Setter</tag>
<doc>Clears and fills the given ``txt`` into the text field found by ``selector``.</doc>
<msg timestamp="20230211 22:30:33.857" level="INFO">Fills the text 'Rachel' in the given field.</msg>
<status status="PASS" starttime="20230211 22:30:33.856" endtime="20230211 22:30:34.380"/>
</kw>
<kw name="Fill Text" library="Browser">
<arg>input[id="lastname"]</arg>
<arg>${user}[lastname]</arg>
<tag>PageContent</tag>
<tag>Setter</tag>
<doc>Clears and fills the given ``txt`` into the text field found by ``selector``.</doc>
<msg timestamp="20230211 22:30:34.381" level="INFO">Fills the text 'Schultz' in the given field.</msg>
<status status="PASS" starttime="20230211 22:30:34.381" endtime="20230211 22:30:34.900"/>
</kw>
<kw name="Fill Text" library="Browser">
<arg>input[id="email"]</arg>
<arg>${user}[email]</arg>
<tag>PageContent</tag>
<tag>Setter</tag>
<doc>Clears and fills the given ``txt`` into the text field found by ``selector``.</doc>
<msg timestamp="20230211 22:30:34.901" level="INFO">Fills the text 'rachel&amp;gmail.com' in the given field.</msg>
<status status="PASS" starttime="20230211 22:30:34.901" endtime="20230211 22:30:35.420"/>
</kw>
<kw name="Fill Text" library="Browser">
<arg>input[id="password"]</arg>
<arg>${user}[password]</arg>
<tag>PageContent</tag>
<tag>Setter</tag>
<doc>Clears and fills the given ``txt`` into the text field found by ``selector``.</doc>
<msg timestamp="20230211 22:30:35.422" level="INFO">Fills the text 'pwd123' in the given field.</msg>
<status status="PASS" starttime="20230211 22:30:35.420" endtime="20230211 22:30:35.955"/>
</kw>
<status status="PASS" starttime="20230211 22:30:33.856" endtime="20230211 22:30:35.955"/>
</kw>
<kw name="Submit Signut Form" library="Actions">
<kw name="Click" library="Browser">
<arg>css=.submit-button &gt;&gt; text="Cadastrar"</arg>
<tag>PageContent</tag>
<tag>Setter</tag>
<doc>Simulates mouse click on the element found by ``selector``.</doc>
<status status="PASS" starttime="20230211 22:30:35.956" endtime="20230211 22:30:36.530"/>
</kw>
<status status="PASS" starttime="20230211 22:30:35.955" endtime="20230211 22:30:36.531"/>
</kw>
<kw name="Field Notiication Should Be" library="Actions">
<arg>O email está estranho</arg>
<kw name="Wait For Elements State" library="Browser">
<arg>css=span[class=error] &gt;&gt; text=${expected_notice}</arg>
<arg>visible</arg>
<arg>5</arg>
<tag>PageContent</tag>
<tag>Wait</tag>
<doc>Waits for the element found by ``selector`` to satisfy state option.</doc>
<msg timestamp="20230211 22:30:36.541" level="INFO">Waited for Element with selector css=span[class=error] &gt;&gt; text=O email está estranho at state visible</msg>
<status status="PASS" starttime="20230211 22:30:36.532" endtime="20230211 22:30:36.541"/>
</kw>
<status status="PASS" starttime="20230211 22:30:36.531" endtime="20230211 22:30:36.542"/>
</kw>
<kw name="Finish Section" library="Base" type="TEARDOWN">
<kw name="Take Screenshot" library="Browser">
<tag>PageContent</tag>
<doc>Takes a screenshot of the current window or element and saves it to disk.</doc>
<msg timestamp="20230211 22:30:36.749" level="INFO" html="true">&lt;/td&gt;&lt;/tr&gt;&lt;tr&gt;&lt;td colspan="3"&gt;&lt;a href="browser/screenshot/robotframework-browser-screenshot-3.png"&gt;&lt;img src="browser/screenshot/robotframework-browser-screenshot-3.png" width="800px"&gt;&lt;/a&gt;</msg>
<status status="PASS" starttime="20230211 22:30:36.542" endtime="20230211 22:30:36.749"/>
</kw>
<status status="PASS" starttime="20230211 22:30:36.542" endtime="20230211 22:30:36.749"/>
</kw>
<tag>attempt_signup</tag>
<status status="PASS" starttime="20230211 22:30:31.707" endtime="20230211 22:30:36.749"/>
</test>
<doc>Signup Test Suite</doc>
<status status="PASS" starttime="20230211 22:30:20.649" endtime="20230211 22:30:36.796"/>
</suite>
<statistics>
<total>
<stat pass="3" fail="0" skip="0">All Tests</stat>
</total>
<tag>
<stat pass="2" fail="0" skip="0">attempt_signup</stat>
</tag>
<suite>
<stat pass="3" fail="0" skip="0" id="s1" name="Signup">Signup</stat>
</suite>
</statistics>
<errors>
</errors>
</robot>
